0 info it worked if it ends with ok
1 verbose cli [ 'C:\\Program Files\\nodejs\\node.exe',
1 verbose cli   'C:\\Program Files\\nodejs\\node_modules\\npm\\bin\\npm-cli.js',
1 verbose cli   'run',
1 verbose cli   'semantic-release' ]
2 info using npm@3.10.10
3 info using node@v6.9.4
4 verbose run-script [ 'presemantic-release',
4 verbose run-script   'semantic-release',
4 verbose run-script   'postsemantic-release' ]
5 info lifecycle react-next-paging@0.0.0-semantically-released~presemantic-release: react-next-paging@0.0.0-semantically-released
6 silly lifecycle react-next-paging@0.0.0-semantically-released~presemantic-release: no script for presemantic-release, continuing
7 info lifecycle react-next-paging@0.0.0-semantically-released~semantic-release: react-next-paging@0.0.0-semantically-released
8 verbose lifecycle react-next-paging@0.0.0-semantically-released~semantic-release: unsafe-perm in lifecycle true
9 verbose lifecycle react-next-paging@0.0.0-semantically-released~semantic-release: PATH: C:\Program Files\nodejs\node_modules\npm\bin\node-gyp-bin;D:\www\movilv\application\single_pages\common\react-next-paging\node_modules\.bin;C:\Program Files\ImageMagick-7.0.6-Q16;C:\ProgramData\Oracle\Java\javapath;C:\WINDOWS\system32;C:\WINDOWS;C:\WINDOWS\System32\Wbem;C:\WINDOWS\System32\WindowsPowerShell\v1.0\;C:\Program Files (x86)\ATI Technologies\ATI.ACE\Core-Static;C:\Program Files (x86)\PuTTY\;C:\Program Files (x86)\WinMerge;C:\ProgramData\chocolatey\bin;C:\tools\python2;C:\Program Files (x86)\Windows Kits\8.1\Windows Performance Toolkit\;C:\Program Files\nodejs\;C:\Program Files (x86)\AMD\ATI.ACE\Core-Static;C:\Program Files (x86)\WinSCP\;C:\Program Files (x86)\Microsoft SQL Server\Client SDK\ODBC\130\Tools\Binn\;C:\Program Files (x86)\Microsoft SQL Server\130\Tools\Binn\;C:\Program Files (x86)\Microsoft SQL Server\130\DTS\Binn\;C:\Program Files (x86)\Microsoft SQL Server\130\Tools\Binn\ManagementStudio\;C:\wamp64\bin\php\php5.6.25;C:\ProgramData\ComposerSetup\bin;C:\Program Files\Microsoft SQL Server\Client SDK\ODBC\130\Tools\Binn\;C:\Program Files (x86)\Skype\Phone\;c:\Program Files\Git\cmd;C:\Program Files (x86)\Yarn\bin;C:\Users\rmora\AppData\Local\atom\bin;C:\Users\rmora\AppData\Local\Microsoft\WindowsApps;C:\Users\rmora\AppData\Roaming\npm;C:\Users\rmora\AppData\Roaming\Composer\vendor\bin;C:\Users\rmora\AppData\Local\Yarn\bin
10 verbose lifecycle react-next-paging@0.0.0-semantically-released~semantic-release: CWD: D:\www\movilv\application\single_pages\common\react-next-paging
11 silly lifecycle react-next-paging@0.0.0-semantically-released~semantic-release: Args: [ '/d /s /c',
11 silly lifecycle   'semantic-release pre && npm publish && semantic-release post' ]
12 silly lifecycle react-next-paging@0.0.0-semantically-released~semantic-release: Returned: code: 1  signal: null
13 info lifecycle react-next-paging@0.0.0-semantically-released~semantic-release: Failed to exec semantic-release script
14 verbose stack Error: react-next-paging@0.0.0-semantically-released semantic-release: `semantic-release pre && npm publish && semantic-release post`
14 verbose stack Exit status 1
14 verbose stack     at EventEmitter.<anonymous> (C:\Program Files\nodejs\node_modules\npm\lib\utils\lifecycle.js:255:16)
14 verbose stack     at emitTwo (events.js:106:13)
14 verbose stack     at EventEmitter.emit (events.js:191:7)
14 verbose stack     at ChildProcess.<anonymous> (C:\Program Files\nodejs\node_modules\npm\lib\utils\spawn.js:40:14)
14 verbose stack     at emitTwo (events.js:106:13)
14 verbose stack     at ChildProcess.emit (events.js:191:7)
14 verbose stack     at maybeClose (internal/child_process.js:877:16)
14 verbose stack     at Process.ChildProcess._handle.onexit (internal/child_process.js:226:5)
15 verbose pkgid react-next-paging@0.0.0-semantically-released
16 verbose cwd D:\www\movilv\application\single_pages\common\react-next-paging
17 error Windows_NT 10.0.16299
18 error argv "C:\\Program Files\\nodejs\\node.exe" "C:\\Program Files\\nodejs\\node_modules\\npm\\bin\\npm-cli.js" "run" "semantic-release"
19 error node v6.9.4
20 error npm  v3.10.10
21 error code ELIFECYCLE
22 error react-next-paging@0.0.0-semantically-released semantic-release: `semantic-release pre && npm publish && semantic-release post`
22 error Exit status 1
23 error Failed at the react-next-paging@0.0.0-semantically-released semantic-release script 'semantic-release pre && npm publish && semantic-release post'.
23 error Make sure you have the latest version of node.js and npm installed.
23 error If you do, this is most likely a problem with the react-next-paging package,
23 error not with npm itself.
23 error Tell the author that this fails on your system:
23 error     semantic-release pre && npm publish && semantic-release post
23 error You can get information on how to open an issue for this project with:
23 error     npm bugs react-next-paging
23 error Or if that isn't available, you can get their info via:
23 error     npm owner ls react-next-paging
23 error There is likely additional logging output above.
24 verbose exit [ 1, true ]
